<?xml version="1.0" encoding="UTF-8"?>
<!-- Generated by org.testng.reporters.JUnitReportReporter -->
<testsuite skipped="0" hostname="DESKTOP-CS50U47" name="com.Msite.TestScripts.logintest1" tests="5" failures="0" timestamp="19 Jul 2019 05:50:40 GMT" time="46.754" errors="0">
  <testcase name="logintest1" time="6.658" classname="com.Msite.TestScripts.logintest1"/>
  <testcase name="logintest1" time="21.332" classname="com.Msite.TestScripts.logintest1"/>
  <testcase name="logintest1" time="6.594" classname="com.Msite.TestScripts.logintest1"/>
  <testcase name="logintest1" time="5.574" classname="com.Msite.TestScripts.logintest1"/>
  <testcase name="logintest1" time="6.596" classname="com.Msite.TestScripts.logintest1"/>
</testsuite> <!-- com.Msite.TestScripts.logintest1 -->
