<?xml version="1.0" encoding="UTF-8"?>
<!-- Generated by org.testng.reporters.JUnitReportReporter -->
<testsuite skipped="0" hostname="DESKTOP-CS50U47" name="com.Msite.TestScripts.TrainingClassroomPageTest" tests="34" failures="0" timestamp="12 Nov 2019 11:31:28 GMT" time="479.308" errors="0">
  <testcase name="training_OpenTrainingWithoutTraining_AndVerifyTitle" time="48.133" classname="com.Msite.TestScripts.TrainingClassroomPageTest"/>
  <testcase name="training_VerifyEmptyTraining" time="36.155" classname="com.Msite.TestScripts.TrainingClassroomPageTest"/>
  <testcase name="training_OpenTrainingDropdown" time="3.949" classname="com.Msite.TestScripts.TrainingClassroomPageTest"/>
  <testcase name="training_OpenClassroomTrainingFromDropDown_And_VerifyTilte" time="5.469" classname="com.Msite.TestScripts.TrainingClassroomPageTest"/>
  <testcase name="training_ClassroomTraining_BrowseCourse_NoCourseFound" time="5.574" classname="com.Msite.TestScripts.TrainingClassroomPageTest"/>
  <testcase name="training_OpenClassroomTrainingFromDropDown_And_VerifyAllElementPresent" time="5.546" classname="com.Msite.TestScripts.TrainingClassroomPageTest"/>
  <testcase name="training_ClassroomTraining_Open_AddNewClassroomCourse_And_VerifyAllElement" time="7.651" classname="com.Msite.TestScripts.TrainingClassroomPageTest"/>
  <testcase name="training_ClassroomTraining_CreateEmpty_NewClassroomCourse_NotAdded" time="9.128" classname="com.Msite.TestScripts.TrainingClassroomPageTest"/>
  <testcase name="training_ClassroomTraining_EmptyCourse_CancelInDiscardChanges" time="11.050" classname="com.Msite.TestScripts.TrainingClassroomPageTest"/>
  <testcase name="training_ClassroomTraining_EmptyCourse_DiscardInDiscardChanges" time="14.195" classname="com.Msite.TestScripts.TrainingClassroomPageTest"/>
  <testcase name="training_ClassroomTraining_CourseWithData_CancelInDiscardChanges" time="11.406" classname="com.Msite.TestScripts.TrainingClassroomPageTest"/>
  <testcase name="training_ClassroomTraining_CourseWithData_DiscardInDiscardChanges" time="14.664" classname="com.Msite.TestScripts.TrainingClassroomPageTest"/>
  <testcase name="training_ClassroomTraining_CancelInCreate_And_Unpublish_NewClassroomCourse" time="18.932" classname="com.Msite.TestScripts.TrainingClassroomPageTest"/>
  <testcase name="training_ClassroomTraining_Create_And_Unpublish_NewClassroomCourse" time="21.511" classname="com.Msite.TestScripts.TrainingClassroomPageTest"/>
  <testcase name="training_ClassroomTraining_Create_And_Publish_NewClassroomCourse" time="21.519" classname="com.Msite.TestScripts.TrainingClassroomPageTest"/>
  <testcase name="training_ClassroomTraining_CreateWith_InvalidValidadityDays_NewClassroomCourse_NotCreated" time="8.757" classname="com.Msite.TestScripts.TrainingClassroomPageTest"/>
  <testcase name="training_ClassroomTraining_VerifyEmptyModule_NewClassroomCourse_NotCreated" time="6.702" classname="com.Msite.TestScripts.TrainingClassroomPageTest"/>
  <testcase name="training_ClassroomTraining_AddModuleWith_NoTitle_NotCreated" time="11.223" classname="com.Msite.TestScripts.TrainingClassroomPageTest"/>
  <testcase name="training_ClassroomTraining_CancelIn_AddModule_NotCreated" time="10.136" classname="com.Msite.TestScripts.TrainingClassroomPageTest"/>
  <testcase name="training_ClassroomTraining_AddIn_AddModule_Created" time="12.176" classname="com.Msite.TestScripts.TrainingClassroomPageTest"/>
  <testcase name="training_ClassroomTraining_EditModule_InNewClassroomCourse" time="20.860" classname="com.Msite.TestScripts.TrainingClassroomPageTest"/>
  <testcase name="training_ClassroomTraining_CancelIn_DeleteModule_InNewClassroomCourse" time="17.945" classname="com.Msite.TestScripts.TrainingClassroomPageTest"/>
  <testcase name="training_ClassroomTraining_DeleteIn_DeleteModule_InNewClassroomCourse" time="18.334" classname="com.Msite.TestScripts.TrainingClassroomPageTest"/>
  <testcase name="training_ClassroomTraining_OpenBrowseCourse_And_VerifyAllElement" time="5.920" classname="com.Msite.TestScripts.TrainingClassroomPageTest"/>
  <testcase name="training_ClassroomTraining_BrowseCourse_FoundCourse" time="5.043" classname="com.Msite.TestScripts.TrainingClassroomPageTest"/>
  <testcase name="training_ClassroomTraining_ViewCourse_And_VerifyTitle" time="9.609" classname="com.Msite.TestScripts.TrainingClassroomPageTest"/>
  <testcase name="training_ClassroomTraining_ViewCourse_And_VerifyAllElement" time="9.166" classname="com.Msite.TestScripts.TrainingClassroomPageTest"/>
  <testcase name="training_ClassroomTraining_EditCourse" time="22.587" classname="com.Msite.TestScripts.TrainingClassroomPageTest"/>
  <testcase name="training_ClassroomTraining_OpenReport_And_VerifyTitle" time="9.437" classname="com.Msite.TestScripts.TrainingClassroomPageTest"/>
  <testcase name="training_ClassroomTraining_OpenReport_And_VerifyAllElement" time="11.612" classname="com.Msite.TestScripts.TrainingClassroomPageTest"/>
  <testcase name="training_ClassroomTraining_OpenSessionReport_And_VerifyTitle" time="14.679" classname="com.Msite.TestScripts.TrainingClassroomPageTest"/>
  <testcase name="training_ClassroomTraining_OpenTrainingReport_And_VerifyTitle" time="12.711" classname="com.Msite.TestScripts.TrainingClassroomPageTest"/>
  <testcase name="training_ClassroomTraining_CancelIn_DeleteCourse" time="11.820" classname="com.Msite.TestScripts.TrainingClassroomPageTest"/>
  <testcase name="training_ClassroomTraining_DeleteIn_DeleteCourse" time="25.709" classname="com.Msite.TestScripts.TrainingClassroomPageTest"/>
</testsuite> <!-- com.Msite.TestScripts.TrainingClassroomPageTest -->
