<?xml version="1.0" encoding="UTF-8"?>
<!-- Generated by org.testng.reporters.JUnitReportReporter -->
<testsuite skipped="0" hostname="DESKTOP-CS50U47" name="com.Msite.TestScripts.LoginTest" tests="5" failures="0" timestamp="24 Jul 2019 10:24:24 GMT" time="13.756" errors="0">
  <testcase name="InvalidUsernameAndInvalidPassword" time="2.582" classname="com.Msite.TestScripts.LoginTest"/>
  <testcase name="InvalidUsernameAndValidPassword" time="2.379" classname="com.Msite.TestScripts.LoginTest"/>
  <testcase name="validUsernameAndInvalidPassword" time="1.813" classname="com.Msite.TestScripts.LoginTest"/>
  <testcase name="successfullLoginTest" time="6.607" classname="com.Msite.TestScripts.LoginTest"/>
  <testcase name="emptyUsernameAndPassword" time="0.375" classname="com.Msite.TestScripts.LoginTest"/>
</testsuite> <!-- com.Msite.TestScripts.LoginTest -->
