<?xml version="1.0" encoding="UTF-8"?>
<!-- Generated by org.testng.reporters.JUnitReportReporter -->
<testsuite skipped="0" hostname="DESKTOP-CS50U47" name="com.Msite.TestScripts.TrainingPageTest" tests="4" failures="0" timestamp="12 Sep 2019 09:47:33 GMT" time="34.380" errors="0">
  <testcase name="training_OnlineTraining_OpenDashboard_VeriyAllElement" time="10.140" classname="com.Msite.TestScripts.TrainingPageTest"/>
  <testcase name="training_OnlineTraining_NavigateTo_TrainingAnalyticsPage_FromDashboard" time="8.275" classname="com.Msite.TestScripts.TrainingPageTest"/>
  <testcase name="training_OnlineTraining_NavigateTo_AddNewCoursePage_FromDashboard" time="8.181" classname="com.Msite.TestScripts.TrainingPageTest"/>
  <testcase name="training_OnlineTraining_NavigateTo_BrowseCoursePage_FromDashboard" time="7.784" classname="com.Msite.TestScripts.TrainingPageTest"/>
</testsuite> <!-- com.Msite.TestScripts.TrainingPageTest -->
