<?xml version="1.0" encoding="UTF-8"?>
<!-- Generated by org.testng.reporters.JUnitReportReporter -->
<testsuite skipped="0" hostname="DESKTOP-CS50U47" name="com.Msite.TestScripts.DashboardTest" tests="30" failures="0" timestamp="24 Jul 2019 09:32:39 GMT" time="575.560" errors="0">
  <testcase name="dashboard_Widget_FirstAid_Present" time="16.638" classname="com.Msite.TestScripts.DashboardTest"/>
  <testcase name="dashboard_Widget_PeopleOnSite_Report" time="15.703" classname="com.Msite.TestScripts.DashboardTest"/>
  <testcase name="dashboard_Widget_Top10TradeOnSite_Present" time="16.009" classname="com.Msite.TestScripts.DashboardTest"/>
  <testcase name="dashboard_Widget_LastestTransactions_Present" time="19.363" classname="com.Msite.TestScripts.DashboardTest"/>
  <testcase name="dashboard_Widget_FirstAid_Report" time="15.726" classname="com.Msite.TestScripts.DashboardTest"/>
  <testcase name="dashboard_EmployeeSearch_EmptySearch_NoResults" time="14.505" classname="com.Msite.TestScripts.DashboardTest"/>
  <testcase name="dashboard_Widget_Nationality_Present" time="14.881" classname="com.Msite.TestScripts.DashboardTest"/>
  <testcase name="dashboard_Heading_Transactions_Present" time="29.629" classname="com.Msite.TestScripts.DashboardTest"/>
  <testcase name="dashboard_Widget_Incidents_Report" time="15.988" classname="com.Msite.TestScripts.DashboardTest"/>
  <testcase name="dashboard_Widget_Top10TradeOnSite_Report" time="17.483" classname="com.Msite.TestScripts.DashboardTest"/>
  <testcase name="verifyDashboardTitle" time="13.616" classname="com.Msite.TestScripts.DashboardTest"/>
  <testcase name="dashboard_Widget_Inductions_Present" time="26.545" classname="com.Msite.TestScripts.DashboardTest"/>
  <testcase name="dashboard_Widget_SSSTS_Present" time="16.508" classname="com.Msite.TestScripts.DashboardTest"/>
  <testcase name="dashboard_Heading_RightNowOnSite_Present" time="26.178" classname="com.Msite.TestScripts.DashboardTest"/>
  <testcase name="dashboard_Heading_TrainedOperatives_Present" time="14.854" classname="com.Msite.TestScripts.DashboardTest"/>
  <testcase name="dashboard_ContractorSearch_FindContractor" time="19.624" classname="com.Msite.TestScripts.DashboardTest"/>
  <testcase name="dashboard_Heading_OnSite_Present" time="19.982" classname="com.Msite.TestScripts.DashboardTest"/>
  <testcase name="dashboard_Widget_Top10ContractorsOnSite_Report" time="26.782" classname="com.Msite.TestScripts.DashboardTest"/>
  <testcase name="dashboard_Widget_LastestTransactions_Report" time="16.829" classname="com.Msite.TestScripts.DashboardTest"/>
  <testcase name="dashboard_Heading_OnSite_SelectionBox" time="24.758" classname="com.Msite.TestScripts.DashboardTest"/>
  <testcase name="dashboard_ChangeSite_HeadingsUpdate" time="15.033" classname="com.Msite.TestScripts.DashboardTest"/>
  <testcase name="dashboard_Widget_FireMarshal_Present" time="15.547" classname="com.Msite.TestScripts.DashboardTest"/>
  <testcase name="dashboard_EmployeeSearch_FindEmployees" time="19.444" classname="com.Msite.TestScripts.DashboardTest"/>
  <testcase name="dashboard_Widget_Apprentices_Report" time="16.581" classname="com.Msite.TestScripts.DashboardTest"/>
  <testcase name="dashboard_Widget_FireMarshal_Report" time="17.088" classname="com.Msite.TestScripts.DashboardTest"/>
  <testcase name="dashboard_Widget_SMSTS_Report" time="34.405" classname="com.Msite.TestScripts.DashboardTest"/>
  <testcase name="dashboard_ContractorSearch_SearchForEmployee_NoContractorFound" time="24.626" classname="com.Msite.TestScripts.DashboardTest"/>
  <testcase name="dashboard_Widget_SMSTS_Present" time="18.161" classname="com.Msite.TestScripts.DashboardTest"/>
  <testcase name="dashboard_Widget_SSSTS_Report" time="18.727" classname="com.Msite.TestScripts.DashboardTest"/>
  <testcase name="dashboard_Widget_PeopleOnSite_Present" time="14.347" classname="com.Msite.TestScripts.DashboardTest"/>
</testsuite> <!-- com.Msite.TestScripts.DashboardTest -->
